<?xml version="1.0" encoding="UTF-8"?>
<testng-results ignored="0" total="4" passed="4" failed="0" skipped="0">
  <reporter-output>
  </reporter-output>
  <suite started-at="2023-04-18T14:55:56 IST" name="Suite" finished-at="2023-04-18T14:56:05 IST" duration-ms="8534">
    <groups>
    </groups>
    <test started-at="2023-04-18T14:55:56 IST" name="Test" finished-at="2023-04-18T14:56:05 IST" duration-ms="8534">
      <class name="api.test.UserTests">
        <test-method is-config="true" signature="SetupData()[pri:0, instance:api.test.UserTests@1cbbffcd]" started-at="2023-04-18T14:55:56 IST" name="SetupData" finished-at="2023-04-18T14:55:57 IST" duration-ms="162" status="PASS">
          <reporter-output>
          </reporter-output>
        </test-method> <!-- SetupData -->
        <test-method signature="testPostUser()[pri:1, instance:api.test.UserTests@1cbbffcd]" started-at="2023-04-18T14:55:57 IST" name="testPostUser" finished-at="2023-04-18T14:55:59 IST" duration-ms="2619" status="PASS">
          <reporter-output>
          </reporter-output>
        </test-method> <!-- testPostUser -->
        <test-method signature="testGetUserByName()[pri:2, instance:api.test.UserTests@1cbbffcd]" started-at="2023-04-18T14:55:59 IST" name="testGetUserByName" finished-at="2023-04-18T14:56:01 IST" duration-ms="1412" status="PASS">
          <reporter-output>
          </reporter-output>
        </test-method> <!-- testGetUserByName -->
        <test-method signature="testUpdateUserByName()[pri:3, instance:api.test.UserTests@1cbbffcd]" started-at="2023-04-18T14:56:01 IST" name="testUpdateUserByName" finished-at="2023-04-18T14:56:03 IST" duration-ms="2724" status="PASS">
          <reporter-output>
          </reporter-output>
        </test-method> <!-- testUpdateUserByName -->
        <test-method signature="testDeleteUser()[pri:4, instance:api.test.UserTests@1cbbffcd]" started-at="2023-04-18T14:56:03 IST" name="testDeleteUser" finished-at="2023-04-18T14:56:05 IST" duration-ms="1385" status="PASS">
          <reporter-output>
          </reporter-output>
        </test-method> <!-- testDeleteUser -->
      </class> <!-- api.test.UserTests -->
    </test> <!-- Test -->
  </suite> <!-- Suite -->
</testng-results>
