<?xml version="1.0" encoding="UTF-8"?>
<!-- Generated by org.testng.reporters.JUnitXMLReporter -->
<testsuite ignored="0" hostname="Anand_PC" failures="0" tests="4" name="Test" time="8.534" errors="0" timestamp="2023-04-18T14:56:05 IST">
  <testcase classname="api.test.UserTests" name="testPostUser" time="2.619"/>
  <testcase classname="api.test.UserTests" name="testGetUserByName" time="1.412"/>
  <testcase classname="api.test.UserTests" name="testUpdateUserByName" time="2.724"/>
  <testcase classname="api.test.UserTests" name="testDeleteUser" time="1.385"/>
</testsuite> <!-- Test -->
