<?xml version="1.0" encoding="UTF-8"?>
<!-- Generated by org.testng.reporters.JUnitXMLReporter -->
<testsuite ignored="0" hostname="Anand_PC" failures="0" tests="4" name="Test" time="8.535" errors="0" timestamp="2023-04-19T18:12:01 IST">
  <testcase classname="api.test.UserTests" name="testPostUser" time="2.747"/>
  <testcase classname="api.test.UserTests" name="testGetUserByName" time="1.292"/>
  <testcase classname="api.test.UserTests" name="testUpdateUserByName" time="2.484"/>
  <testcase classname="api.test.UserTests" name="testDeleteUser" time="1.58"/>
</testsuite> <!-- Test -->
