<?xml version="1.0" encoding="UTF-8"?>
<!-- Generated by org.testng.reporters.JUnitXMLReporter -->
<testsuite ignored="0" hostname="Anand_PC" failures="0" tests="9" name="Default test" time="14.826" errors="0" timestamp="2023-04-11T12:10:58 IST">
  <testcase classname="api.test.DDTests" name="testPostUser" time="2.614"/>
  <testcase classname="api.test.DDTests" name="testPostUser" time="1.396"/>
  <testcase classname="api.test.DDTests" name="testPostUser" time="1.389"/>
  <testcase classname="api.test.DDTests" name="testgetByUsername" time="1.409"/>
  <testcase classname="api.test.DDTests" name="testgetByUsername" time="1.355"/>
  <testcase classname="api.test.DDTests" name="testgetByUsername" time="1.355"/>
  <testcase classname="api.test.DDTests" name="testDeleteUserByName" time="1.387"/>
  <testcase classname="api.test.DDTests" name="testDeleteUserByName" time="1.388"/>
  <testcase classname="api.test.DDTests" name="testDeleteUserByName" time="1.387"/>
</testsuite> <!-- Default test -->
